<?xml version="1.0" encoding="UTF-8"?>
<!-- Generated by org.testng.reporters.JUnitReportReporter -->
<testsuite hostname="LT30012" failures="1" tests="1" name="Tests.GetApi" time="2.133" errors="0" timestamp="2022-09-17T21:55:52 IST" skipped="0">
  <testcase classname="Tests.GetApi" name="testGet" time="2.133">
    <failure message="1 expectation failed.
Response body doesn&#039;t match expectation.
Expected: The content to match the given JSON schema.
error: instance type (object) does not match any allowed primitive type (allowed: [&quot;string&quot;])
    level: &quot;error&quot;
    schema: {&quot;loadingURI&quot;:&quot;file:/home/credenc/workspace/RESTAssuredAutomation/target/classes/get.json#&quot;,&quot;pointer&quot;:&quot;/properties/data/properties/cosignerData/items/0/properties/otpVerifiedAt&quot;}
    instance: {&quot;pointer&quot;:&quot;/data/cosignerData/0/otpVerifiedAt&quot;}
    domain: &quot;validation&quot;
    keyword: &quot;type&quot;
    found: &quot;object&quot;
    expected: [&quot;string&quot;]

  Actual: {&quot;data&quot;:{&quot;borrowerData&quot;:{&quot;borrowerUuid&quot;:&quot;6f6c96da-1749-11ed-8e6c-0aa99d118edc&quot;,&quot;firstName&quot;:&quot;priya&quot;,&quot;dob&quot;:&quot;2000-08-10&quot;,&quot;middleName&quot;:&quot;&quot;,&quot;lastName&quot;:&quot;testinHHHHH&quot;,&quot;isItdVerified&quot;:0,&quot;email&quot;:&quot;priya.raut@credenc.com&quot;,&quot;mobile&quot;:&quot;6333333377&quot;,&quot;altMobile&quot;:&quot;&quot;,&quot;loanRequired&quot;:25000,&quot;collegePayout&quot;:0,&quot;existingEmi&quot;:&quot;0&quot;,&quot;currentCountry&quot;:&quot;India&quot;,&quot;currentCity&quot;:&quot;INDORE&quot;,&quot;currentState&quot;:&quot;MADHYA PRADESH&quot;,&quot;currentAddress&quot;:&quot;cm-300, gurugram&quot;,&quot;currentAddressLineTwo&quot;:&quot;cm-300, gurugram&quot;,&quot;currentLandmark&quot;:&quot;&quot;,&quot;currentPincode&quot;:&quot;454775&quot;,&quot;currentResidenceTypeId&quot;:3,&quot;yearInCurrentAddress&quot;:&quot;40&quot;,&quot;permanentAddress&quot;:&quot;cm-300, gurugram&quot;,&quot;permanentLandmark&quot;:&quot;&quot;,&quot;permanentCountry&quot;:&quot;India&quot;,&quot;permanentPincode&quot;:&quot;454775&quot;,&quot;collegeName&quot;:&quot;Miranda House College, New Delhi&quot;,&quot;collegeId&quot;:&quot;254&quot;,&quot;universityCountry&quot;:&quot;Australia&quot;,&quot;courseCategory&quot;:&quot;under-graduate&quot;,&quot;courseName&quot;:&quot;BBA&quot;,&quot;followuptime&quot;:&quot;&quot;,&quot;takeIn&quot;:&quot;&quot;,&quot;stream&quot;:&quot;&quot;,&quot;subStream&quot;:&quot;&quot;,&quot;isFldg&quot;:&quot;&quot;,&quot;isExotelRegistered&quot;:&quot;no&quot;,&quot;streamName&quot;:&quot;&quot;,&quot;subStreamName&quot;:&quot;&quot;,&quot;permanentCity&quot;:&quot;INDORE&quot;,&quot;permanentState&quot;:&quot;MADHYA PRADESH&quot;,&quot;experience&quot;:&quot;No&quot;,&quot;year&quot;:&quot;&quot;,&quot;admissionStatus&quot;:&quot;yes&quot;,&quot;twelthmarks&quot;:&quot;&quot;,&quot;twelthCity&quot;:&quot;&quot;,&quot;twelthschool&quot;:&quot;&quot;,&quot;twelthyear&quot;:&quot;&quot;,&quot;collagemarks&quot;:&quot;&quot;,&quot;ugcollegeCity&quot;:&quot;&quot;,&quot;degree&quot;:&quot;under-graduate&quot;,&quot;collegeyear&quot;:&quot;&quot;,&quot;tenthmarks&quot;:&quot;&quot;,&quot;tenthschool&quot;:&quot;&quot;,&quot;upwardsStatus&quot;:&quot;not-tagged&quot;,&quot;productType&quot;:&quot;Abroad&quot;,&quot;productTypeId&quot;:&quot;3&quot;,&quot;productSubType&quot;:&quot;&quot;,&quot;caseSource&quot;:&quot;Credenc Website&quot;,&quot;caseSubSource&quot;:&quot;direct&quot;,&quot;courseStartDate&quot;:&quot;&quot;,&quot;panNo&quot;:&quot;BOOPR5496Q&quot;,&quot;courseType&quot;:&quot;&quot;,&quot;courseDuration&quot;:&quot;&quot;,&quot;lastCurrentCtc&quot;:&quot;&quot;,&quot;netMonthlyIncome&quot;:&quot;&quot;,&quot;lastCurrentEmployer&quot;:&quot;&quot;,&quot;employmentStatusId&quot;:&quot;&quot;,&quot;hlMtInstallment&quot;:0,&quot;tenor&quot;:1,&quot;isRepayment&quot;:false,&quot;course&quot;:&quot;BBA&quot;,&quot;advanceEmi&quot;:&quot;&quot;,&quot;apsadvanceEmi&quot;:&quot;&quot;,&quot;disbursementAmount&quot;:&quot;&quot;,&quot;courseFee&quot;:&quot;&quot;,&quot;utr&quot;:&quot;&quot;,&quot;data&quot;:&quot;&quot;,&quot;disbursementDatetime&quot;:&quot;&quot;,&quot;isDisbursed&quot;:&quot;&quot;,&quot;whjUserName&quot;:&quot;&quot;,&quot;whjUserEmail&quot;:&quot;&quot;,&quot;whjUserMobile&quot;:&quot;&quot;,&quot;leadType&quot;:&quot;&quot;,&quot;partnerIdentifier&quot;:&quot;&quot;,&quot;disbursedId&quot;:&quot;&quot;,&quot;umrn&quot;:&quot;&quot;,&quot;studentFirstName&quot;:&quot;&quot;,&quot;studentMiddleName&quot;:&quot;&quot;,&quot;studentLastName&quot;:&quot;&quot;,&quot;salutation&quot;:&quot;&quot;,&quot;maritalStatus&quot;:&quot;&quot;,&quot;aadharNo&quot;:&quot;624069712351&quot;,&quot;new_status&quot;:31,&quot;lenderName&quot;:&quot;&quot;,&quot;borrowerName&quot;:&quot;priya testinHHHHH&quot;,&quot;currentCityState&quot;:&quot;INDORE,MADHYA PRADESH&quot;,&quot;permanentCityState&quot;:&quot;INDORE,MADHYA PRADESH&quot;,&quot;banking&quot;:[{&quot;id&quot;:9116,&quot;bothId&quot;:&quot;6f6c96da-1749-11ed-8e6c-0aa99d118edc&quot;,&quot;accholdername&quot;:&quot;priya raut&quot;,&quot;bankname&quot;:&quot;State Bank of India&quot;,&quot;ifsc&quot;:&quot;SBIN1234567&quot;,&quot;acctype&quot;:&quot;Current&quot;,&quot;branch&quot;:&quot;indore&quot;,&quot;accnumber&quot;:&quot;123456789000&quot;,&quot;accFor&quot;:&quot;&quot;,&quot;accoperatedsince&quot;:&quot;2020&quot;,&quot;createdAt&quot;:{&quot;date&quot;:&quot;2022-08-24 21:03:32.000000&quot;,&quot;timezone_type&quot;:3,&quot;timezone&quot;:&quot;Asia\/Kolkata&quot;},&quot;modifiedAt&quot;:{&quot;date&quot;:&quot;2022-09-17 17:37:24.000000&quot;,&quot;timezone_type&quot;:3,&quot;timezone&quot;:&quot;Asia\/Kolkata&quot;},&quot;nachEnable&quot;:0}]},&quot;cosignerData&quot;:[{&quot;id&quot;:157765,&quot;cosignerId&quot;:&quot;0575fb1f-367d-11ed-9e2d-0aa99d118edc&quot;,&quot;firstName&quot;:&quot;Sudeep&quot;,&quot;middleName&quot;:&quot;&quot;,&quot;lastName&quot;:&quot;dutta&quot;,&quot;cosignerName&quot;:&quot;Sudeep dutta&quot;,&quot;dob&quot;:&quot;&quot;,&quot;mobile&quot;:&quot;6268151912&quot;,&quot;gender&quot;:&quot;&quot;,&quot;landline&quot;:&quot;&quot;,&quot;cosignerEmail&quot;:&quot;&quot;,&quot;netMonthlyIncome&quot;:35000,&quot;occupation&quot;:&quot;Salaried&quot;,&quot;relation&quot;:&quot;Father&quot;,&quot;relationProof&quot;:&quot;&quot;,&quot;citizeship&quot;:&quot;&quot;,&quot;hlMtInstallment&quot;:0,&quot;panNo&quot;:&quot;&quot;,&quot;currentCountry&quot;:&quot;&quot;,&quot;currentState&quot;:&quot;&quot;,&quot;currentCity&quot;:&quot;&quot;,&quot;permanentCountry&quot;:&quot;&quot;,&quot;permanentState&quot;:&quot;&quot;,&quot;permanentCity&quot;:&quot;&quot;,&quot;employmentStatusId&quot;:3,&quot;consent&quot;:&quot;Y&quot;,&quot;otpVerifiedAt&quot;:{&quot;date&quot;:&quot;2022-09-17 17:38:20.000000&quot;,&quot;timezone_type&quot;:3,&quot;timezone&quot;:&quot;Asia\/Kolkata&quot;},&quot;olMtInstallment&quot;:0,&quot;banking&quot;:[],&quot;work&quot;:[{&quot;cosignerId&quot;:&quot;0575fb1f-367d-11ed-9e2d-0aa99d118edc&quot;,&quot;occupation&quot;:&quot;Salaried&quot;,&quot;employmentStatusId&quot;:3,&quot;nameEmployer&quot;:&quot;&quot;,&quot;businessAddress&quot;:&quot;&quot;,&quot;businessCity&quot;:&quot;&quot;,&quot;businessState&quot;:&quot;&quot;,&quot;businessPincode&quot;:&quot;&quot;,&quot;businessCountry&quot;:&quot;&quot;,&quot;businesLandlineStd&quot;:&quot;&quot;,&quot;businessLandline&quot;:&quot;&quot;,&quot;businessExtNo&quot;:&quot;&quot;,&quot;businessDesignation&quot;:&quot;&quot;,&quot;officialEmail&quot;:&quot;&quot;,&quot;ageOfRetire&quot;:&quot;&quot;,&quot;noYear&quot;:&quot;&quot;,&quot;grossMonthly&quot;:&quot;&quot;,&quot;netMonthly&quot;:35000,&quot;otherMonthlyIncome&quot;:&quot;&quot;,&quot;otherSpecify&quot;:&quot;&quot;,&quot;createdAt&quot;:&quot;&quot;,&quot;modifiedAt&quot;:{&quot;date&quot;:&quot;2022-09-17 17:37:24.000000&quot;,&quot;timezone_type&quot;:3,&quot;timezone&quot;:&quot;Asia\/Kolkata&quot;}}],&quot;address&quot;:[],&quot;advance&quot;:[]},{&quot;id&quot;:157766,&quot;cosignerId&quot;:&quot;c89fea1d-3688-11ed-9e2d-0aa99d118edc&quot;,&quot;firstName&quot;:&quot;testingggg&quot;,&quot;middleName&quot;:&quot;&quot;,&quot;lastName&quot;:&quot;&quot;,&quot;cosignerName&quot;:&quot;testingggg&quot;,&quot;dob&quot;:&quot;&quot;,&quot;mobile&quot;:&quot;7687656787&quot;,&quot;gender&quot;:&quot;&quot;,&quot;landline&quot;:&quot;&quot;,&quot;cosignerEmail&quot;:&quot;priya.raut@credenc.com&quot;,&quot;netMonthlyIncome&quot;:&quot;&quot;,&quot;occupation&quot;:&quot;&quot;,&quot;relation&quot;:&quot;&quot;,&quot;relationProof&quot;:&quot;&quot;,&quot;citizeship&quot;:&quot;&quot;,&quot;hlMtInstallment&quot;:&quot;&quot;,&quot;panNo&quot;:&quot;&quot;,&quot;currentCountry&quot;:&quot;&quot;,&quot;currentState&quot;:&quot;&quot;,&quot;currentCity&quot;:&quot;&quot;,&quot;permanentCountry&quot;:&quot;&quot;,&quot;permanentState&quot;:&quot;&quot;,&quot;permanentCity&quot;:&quot;&quot;,&quot;employmentStatusId&quot;:&quot;&quot;,&quot;consent&quot;:&quot;Y&quot;,&quot;otpVerifiedAt&quot;:{&quot;date&quot;:&quot;2022-09-17 18:37:47.000000&quot;,&quot;timezone_type&quot;:3,&quot;timezone&quot;:&quot;Asia\/Kolkata&quot;},&quot;olMtInstallment&quot;:&quot;&quot;,&quot;banking&quot;:[],&quot;work&quot;:[],&quot;address&quot;:[],&quot;advance&quot;:[]},{&quot;id&quot;:157767,&quot;cosignerId&quot;:&quot;5838d976-368b-11ed-9e2d-0aa99d118edc&quot;,&quot;firstName&quot;:&quot;Testinggg2&quot;,&quot;middleName&quot;:&quot;&quot;,&quot;lastName&quot;:&quot;&quot;,&quot;cosignerName&quot;:&quot;Testinggg2&quot;,&quot;dob&quot;:&quot;&quot;,&quot;mobile&quot;:&quot;2345678909&quot;,&quot;gender&quot;:&quot;&quot;,&quot;landline&quot;:&quot;&quot;,&quot;cosignerEmail&quot;:&quot;&quot;,&quot;netMonthlyIncome&quot;:&quot;&quot;,&quot;occupation&quot;:&quot;&quot;,&quot;relation&quot;:&quot;&quot;,&quot;relationProof&quot;:&quot;&quot;,&quot;citizeship&quot;:&quot;&quot;,&quot;hlMtInstallment&quot;:&quot;&quot;,&quot;panNo&quot;:&quot;&quot;,&quot;currentCountry&quot;:&quot;&quot;,&quot;currentState&quot;:&quot;&quot;,&quot;currentCity&quot;:&quot;&quot;,&quot;permanentCountry&quot;:&quot;&quot;,&quot;permanentState&quot;:&quot;&quot;,&quot;permanentCity&quot;:&quot;&quot;,&quot;employmentStatusId&quot;:&quot;&quot;,&quot;consent&quot;:&quot;P&quot;,&quot;otpVerifiedAt&quot;:&quot;&quot;,&quot;olMtInstallment&quot;:&quot;&quot;,&quot;banking&quot;:[],&quot;work&quot;:[],&quot;address&quot;:[],&quot;advance&quot;:[]}],&quot;testScoreData&quot;:[],&quot;parentData&quot;:[],&quot;status&quot;:{&quot;present_stage&quot;:3,&quot;percentage_completed&quot;:&quot;65&quot;,&quot;present_Status&quot;:31,&quot;list_of_present_status&quot;:[{&quot;id&quot;:32,&quot;Name&quot;:&quot;Partial Documents Collected&quot;,&quot;ParentId&quot;:&quot;&quot;,&quot;StageId&quot;:3,&quot;DefaultStatus&quot;:0,&quot;Percentage&quot;:&quot;55&quot;,&quot;st_priority&quot;:40,&quot;ld_priority&quot;:10,&quot;la_priority&quot;:10},{&quot;id&quot;:34,&quot;Name&quot;:&quot;Consent Pending&quot;,&quot;ParentId&quot;:&quot;&quot;,&quot;StageId&quot;:3,&quot;DefaultStatus&quot;:0,&quot;Percentage&quot;:&quot;30&quot;,&quot;st_priority&quot;:10,&quot;ld_priority&quot;:20,&quot;la_priority&quot;:20},{&quot;id&quot;:35,&quot;Name&quot;:&quot;Consent Collected&quot;,&quot;ParentId&quot;:&quot;&quot;,&quot;StageId&quot;:3,&quot;DefaultStatus&quot;:0,&quot;Percentage&quot;:&quot;30&quot;,&quot;st_priority&quot;:20,&quot;ld_priority&quot;:30,&quot;la_priority&quot;:30},{&quot;id&quot;:30,&quot;Name&quot;:&quot;Documents Pending&quot;,&quot;ParentId&quot;:&quot;&quot;,&quot;StageId&quot;:3,&quot;DefaultStatus&quot;:1,&quot;Percentage&quot;:&quot;55&quot;,&quot;st_priority&quot;:30,&quot;ld_priority&quot;:40,&quot;la_priority&quot;:40},{&quot;id&quot;:31,&quot;Name&quot;:&quot;All Documents Collected&quot;,&quot;ParentId&quot;:&quot;&quot;,&quot;StageId&quot;:3,&quot;DefaultStatus&quot;:0,&quot;Percentage&quot;:&quot;65&quot;,&quot;st_priority&quot;:60,&quot;ld_priority&quot;:50,&quot;la_priority&quot;:50},{&quot;id&quot;:42,&quot;Name&quot;:&quot;Cosigner Documents&quot;,&quot;ParentId&quot;:&quot;&quot;,&quot;StageId&quot;:3,&quot;DefaultStatus&quot;:0,&quot;Percentage&quot;:&quot;0&quot;,&quot;st_priority&quot;:-1,&quot;ld_priority&quot;:60,&quot;la_priority&quot;:60},{&quot;id&quot;:33,&quot;Name&quot;:&quot;Documents Verified&quot;,&quot;ParentId&quot;:&quot;&quot;,&quot;StageId&quot;:3,&quot;DefaultStatus&quot;:0,&quot;Percentage&quot;:&quot;75&quot;,&quot;st_priority&quot;:50,&quot;ld_priority&quot;:70,&quot;la_priority&quot;:70},{&quot;id&quot;:37,&quot;Name&quot;:&quot;All Checks Verified&quot;,&quot;ParentId&quot;:&quot;&quot;,&quot;StageId&quot;:3,&quot;DefaultStatus&quot;:0,&quot;Percentage&quot;:&quot;100&quot;,&quot;st_priority&quot;:70,&quot;ld_priority&quot;:80,&quot;la_priority&quot;:80},{&quot;id&quot;:38,&quot;Name&quot;:&quot;Closed&quot;,&quot;ParentId&quot;:&quot;&quot;,&quot;StageId&quot;:3,&quot;DefaultStatus&quot;:0,&quot;Percentage&quot;:&quot;100&quot;,&quot;st_priority&quot;:80,&quot;ld_priority&quot;:90,&quot;la_priority&quot;:90}],&quot;present_subStatus&quot;:&quot;&quot;,&quot;list_of_present_substatus&quot;:[{&quot;id&quot;:39,&quot;Name&quot;:&quot;Applicant Docs Pending&quot;,&quot;ParentId&quot;:30,&quot;StageId&quot;:3,&quot;DefaultStatus&quot;:0,&quot;Percentage&quot;:&quot;35&quot;,&quot;st_priority&quot;:10,&quot;ld_priority&quot;:10,&quot;la_priority&quot;:10},{&quot;id&quot;:40,&quot;Name&quot;:&quot;Cosigner Docs Pending&quot;,&quot;ParentId&quot;:30,&quot;StageId&quot;:3,&quot;DefaultStatus&quot;:0,&quot;Percentage&quot;:&quot;40&quot;,&quot;st_priority&quot;:10,&quot;ld_priority&quot;:10,&quot;la_priority&quot;:10},{&quot;id&quot;:41,&quot;Name&quot;:&quot;Applicant Consent Pending&quot;,&quot;ParentId&quot;:34,&quot;StageId&quot;:3,&quot;DefaultStatus&quot;:0,&quot;Percentage&quot;:&quot;30&quot;,&quot;st_priority&quot;:10,&quot;ld_priority&quot;:10,&quot;la_priority&quot;:10},{&quot;id&quot;:134,&quot;Name&quot;:&quot;Pending&quot;,&quot;ParentId&quot;:42,&quot;StageId&quot;:3,&quot;DefaultStatus&quot;:0,&quot;Percentage&quot;:&quot;65&quot;,&quot;st_priority&quot;:10,&quot;ld_priority&quot;:10,&quot;la_priority&quot;:10},{&quot;id&quot;:136,&quot;Name&quot;:&quot;Cibil Norms Not Met&quot;,&quot;ParentId&quot;:38,&quot;StageId&quot;:3,&quot;DefaultStatus&quot;:0,&quot;Percentage&quot;:&quot;100&quot;,&quot;st_priority&quot;:10,&quot;ld_priority&quot;:10,&quot;la_priority&quot;:10},{&quot;id&quot;:138,&quot;Name&quot;:&quot;Consent Not Given&quot;,&quot;ParentId&quot;:38,&quot;StageId&quot;:3,&quot;DefaultStatus&quot;:0,&quot;Percentage&quot;:&quot;100&quot;,&quot;st_priority&quot;:10,&quot;ld_priority&quot;:10,&quot;la_priority&quot;:10},{&quot;id&quot;:139,&quot;Name&quot;:&quot;Added&quot;,&quot;ParentId&quot;:42,&quot;StageId&quot;:3,&quot;DefaultStatus&quot;:0,&quot;Percentage&quot;:&quot;70&quot;,&quot;st_priority&quot;:10,&quot;ld_priority&quot;:10,&quot;la_priority&quot;:10},{&quot;id&quot;:143,&quot;Name&quot;:&quot;Cosigner Consent Pending&quot;,&quot;ParentId&quot;:34,&quot;StageId&quot;:3,&quot;DefaultStatus&quot;:0,&quot;Percentage&quot;:&quot;30&quot;,&quot;st_priority&quot;:10,&quot;ld_priority&quot;:10,&quot;la_priority&quot;:10}]}},&quot;message&quot;:&quot;Success&quot;}
" type="java.lang.AssertionError">
      <![CDATA[java.lang.AssertionError: 1 expectation failed.
Response body doesn't match expectation.
Expected: The content to match the given JSON schema.
error: instance type (object) does not match any allowed primitive type (allowed: ["string"])
    level: "error"
    schema: {"loadingURI":"file:/home/credenc/workspace/RESTAssuredAutomation/target/classes/get.json#","pointer":"/properties/data/properties/cosignerData/items/0/properties/otpVerifiedAt"}
    instance: {"pointer":"/data/cosignerData/0/otpVerifiedAt"}
    domain: "validation"
    keyword: "type"
    found: "object"
    expected: ["string"]

  Actual: {"data":{"borrowerData":{"borrowerUuid":"6f6c96da-1749-11ed-8e6c-0aa99d118edc","firstName":"priya","dob":"2000-08-10","middleName":"","lastName":"testinHHHHH","isItdVerified":0,"email":"priya.raut@credenc.com","mobile":"6333333377","altMobile":"","loanRequired":25000,"collegePayout":0,"existingEmi":"0","currentCountry":"India","currentCity":"INDORE","currentState":"MADHYA PRADESH","currentAddress":"cm-300, gurugram","currentAddressLineTwo":"cm-300, gurugram","currentLandmark":"","currentPincode":"454775","currentResidenceTypeId":3,"yearInCurrentAddress":"40","permanentAddress":"cm-300, gurugram","permanentLandmark":"","permanentCountry":"India","permanentPincode":"454775","collegeName":"Miranda House College, New Delhi","collegeId":"254","universityCountry":"Australia","courseCategory":"under-graduate","courseName":"BBA","followuptime":"","takeIn":"","stream":"","subStream":"","isFldg":"","isExotelRegistered":"no","streamName":"","subStreamName":"","permanentCity":"INDORE","permanentState":"MADHYA PRADESH","experience":"No","year":"","admissionStatus":"yes","twelthmarks":"","twelthCity":"","twelthschool":"","twelthyear":"","collagemarks":"","ugcollegeCity":"","degree":"under-graduate","collegeyear":"","tenthmarks":"","tenthschool":"","upwardsStatus":"not-tagged","productType":"Abroad","productTypeId":"3","productSubType":"","caseSource":"Credenc Website","caseSubSource":"direct","courseStartDate":"","panNo":"BOOPR5496Q","courseType":"","courseDuration":"","lastCurrentCtc":"","netMonthlyIncome":"","lastCurrentEmployer":"","employmentStatusId":"","hlMtInstallment":0,"tenor":1,"isRepayment":false,"course":"BBA","advanceEmi":"","apsadvanceEmi":"","disbursementAmount":"","courseFee":"","utr":"","data":"","disbursementDatetime":"","isDisbursed":"","whjUserName":"","whjUserEmail":"","whjUserMobile":"","leadType":"","partnerIdentifier":"","disbursedId":"","umrn":"","studentFirstName":"","studentMiddleName":"","studentLastName":"","salutation":"","maritalStatus":"","aadharNo":"624069712351","new_status":31,"lenderName":"","borrowerName":"priya testinHHHHH","currentCityState":"INDORE,MADHYA PRADESH","permanentCityState":"INDORE,MADHYA PRADESH","banking":[{"id":9116,"bothId":"6f6c96da-1749-11ed-8e6c-0aa99d118edc","accholdername":"priya raut","bankname":"State Bank of India","ifsc":"SBIN1234567","acctype":"Current","branch":"indore","accnumber":"123456789000","accFor":"","accoperatedsince":"2020","createdAt":{"date":"2022-08-24 21:03:32.000000","timezone_type":3,"timezone":"Asia\/Kolkata"},"modifiedAt":{"date":"2022-09-17 17:37:24.000000","timezone_type":3,"timezone":"Asia\/Kolkata"},"nachEnable":0}]},"cosignerData":[{"id":157765,"cosignerId":"0575fb1f-367d-11ed-9e2d-0aa99d118edc","firstName":"Sudeep","middleName":"","lastName":"dutta","cosignerName":"Sudeep dutta","dob":"","mobile":"6268151912","gender":"","landline":"","cosignerEmail":"","netMonthlyIncome":35000,"occupation":"Salaried","relation":"Father","relationProof":"","citizeship":"","hlMtInstallment":0,"panNo":"","currentCountry":"","currentState":"","currentCity":"","permanentCountry":"","permanentState":"","permanentCity":"","employmentStatusId":3,"consent":"Y","otpVerifiedAt":{"date":"2022-09-17 17:38:20.000000","timezone_type":3,"timezone":"Asia\/Kolkata"},"olMtInstallment":0,"banking":[],"work":[{"cosignerId":"0575fb1f-367d-11ed-9e2d-0aa99d118edc","occupation":"Salaried","employmentStatusId":3,"nameEmployer":"","businessAddress":"","businessCity":"","businessState":"","businessPincode":"","businessCountry":"","businesLandlineStd":"","businessLandline":"","businessExtNo":"","businessDesignation":"","officialEmail":"","ageOfRetire":"","noYear":"","grossMonthly":"","netMonthly":35000,"otherMonthlyIncome":"","otherSpecify":"","createdAt":"","modifiedAt":{"date":"2022-09-17 17:37:24.000000","timezone_type":3,"timezone":"Asia\/Kolkata"}}],"address":[],"advance":[]},{"id":157766,"cosignerId":"c89fea1d-3688-11ed-9e2d-0aa99d118edc","firstName":"testingggg","middleName":"","lastName":"","cosignerName":"testingggg","dob":"","mobile":"7687656787","gender":"","landline":"","cosignerEmail":"priya.raut@credenc.com","netMonthlyIncome":"","occupation":"","relation":"","relationProof":"","citizeship":"","hlMtInstallment":"","panNo":"","currentCountry":"","currentState":"","currentCity":"","permanentCountry":"","permanentState":"","permanentCity":"","employmentStatusId":"","consent":"Y","otpVerifiedAt":{"date":"2022-09-17 18:37:47.000000","timezone_type":3,"timezone":"Asia\/Kolkata"},"olMtInstallment":"","banking":[],"work":[],"address":[],"advance":[]},{"id":157767,"cosignerId":"5838d976-368b-11ed-9e2d-0aa99d118edc","firstName":"Testinggg2","middleName":"","lastName":"","cosignerName":"Testinggg2","dob":"","mobile":"2345678909","gender":"","landline":"","cosignerEmail":"","netMonthlyIncome":"","occupation":"","relation":"","relationProof":"","citizeship":"","hlMtInstallment":"","panNo":"","currentCountry":"","currentState":"","currentCity":"","permanentCountry":"","permanentState":"","permanentCity":"","employmentStatusId":"","consent":"P","otpVerifiedAt":"","olMtInstallment":"","banking":[],"work":[],"address":[],"advance":[]}],"testScoreData":[],"parentData":[],"status":{"present_stage":3,"percentage_completed":"65","present_Status":31,"list_of_present_status":[{"id":32,"Name":"Partial Documents Collected","ParentId":"","StageId":3,"DefaultStatus":0,"Percentage":"55","st_priority":40,"ld_priority":10,"la_priority":10},{"id":34,"Name":"Consent Pending","ParentId":"","StageId":3,"DefaultStatus":0,"Percentage":"30","st_priority":10,"ld_priority":20,"la_priority":20},{"id":35,"Name":"Consent Collected","ParentId":"","StageId":3,"DefaultStatus":0,"Percentage":"30","st_priority":20,"ld_priority":30,"la_priority":30},{"id":30,"Name":"Documents Pending","ParentId":"","StageId":3,"DefaultStatus":1,"Percentage":"55","st_priority":30,"ld_priority":40,"la_priority":40},{"id":31,"Name":"All Documents Collected","ParentId":"","StageId":3,"DefaultStatus":0,"Percentage":"65","st_priority":60,"ld_priority":50,"la_priority":50},{"id":42,"Name":"Cosigner Documents","ParentId":"","StageId":3,"DefaultStatus":0,"Percentage":"0","st_priority":-1,"ld_priority":60,"la_priority":60},{"id":33,"Name":"Documents Verified","ParentId":"","StageId":3,"DefaultStatus":0,"Percentage":"75","st_priority":50,"ld_priority":70,"la_priority":70},{"id":37,"Name":"All Checks Verified","ParentId":"","StageId":3,"DefaultStatus":0,"Percentage":"100","st_priority":70,"ld_priority":80,"la_priority":80},{"id":38,"Name":"Closed","ParentId":"","StageId":3,"DefaultStatus":0,"Percentage":"100","st_priority":80,"ld_priority":90,"la_priority":90}],"present_subStatus":"","list_of_present_substatus":[{"id":39,"Name":"Applicant Docs Pending","ParentId":30,"StageId":3,"DefaultStatus":0,"Percentage":"35","st_priority":10,"ld_priority":10,"la_priority":10},{"id":40,"Name":"Cosigner Docs Pending","ParentId":30,"StageId":3,"DefaultStatus":0,"Percentage":"40","st_priority":10,"ld_priority":10,"la_priority":10},{"id":41,"Name":"Applicant Consent Pending","ParentId":34,"StageId":3,"DefaultStatus":0,"Percentage":"30","st_priority":10,"ld_priority":10,"la_priority":10},{"id":134,"Name":"Pending","ParentId":42,"StageId":3,"DefaultStatus":0,"Percentage":"65","st_priority":10,"ld_priority":10,"la_priority":10},{"id":136,"Name":"Cibil Norms Not Met","ParentId":38,"StageId":3,"DefaultStatus":0,"Percentage":"100","st_priority":10,"ld_priority":10,"la_priority":10},{"id":138,"Name":"Consent Not Given","ParentId":38,"StageId":3,"DefaultStatus":0,"Percentage":"100","st_priority":10,"ld_priority":10,"la_priority":10},{"id":139,"Name":"Added","ParentId":42,"StageId":3,"DefaultStatus":0,"Percentage":"70","st_priority":10,"ld_priority":10,"la_priority":10},{"id":143,"Name":"Cosigner Consent Pending","ParentId":34,"StageId":3,"DefaultStatus":0,"Percentage":"30","st_priority":10,"ld_priority":10,"la_priority":10}]}},"message":"Success"}

at java.base/jdk.internal.reflect.NativeConstructorAccessorImpl.newInstance0(Native Method)
at java.base/jdk.internal.reflect.NativeConstructorAccessorImpl.newInstance(NativeConstructorAccessorImpl.java:77)
at java.base/jdk.internal.reflect.DelegatingConstructorAccessorImpl.newInstance(DelegatingConstructorAccessorImpl.java:45)
at java.base/java.lang.reflect.Constructor.newInstanceWithCaller(Constructor.java:499)
at java.base/java.lang.reflect.Constructor.newInstance(Constructor.java:480)
at org.codehaus.groovy.reflection.CachedConstructor.invoke(CachedConstructor.java:73)
at org.codehaus.groovy.runtime.callsite.ConstructorSite$ConstructorSiteNoUnwrapNoCoerce.callConstructor(ConstructorSite.java:108)
at org.codehaus.groovy.runtime.callsite.CallSiteArray.defaultCallConstructor(CallSiteArray.java:58)
at org.codehaus.groovy.runtime.callsite.AbstractCallSite.callConstructor(AbstractCallSite.java:263)
at org.codehaus.groovy.runtime.callsite.AbstractCallSite.callConstructor(AbstractCallSite.java:277)
at io.restassured.internal.ResponseSpecificationImpl$HamcrestAssertionClosure.validate(ResponseSpecificationImpl.groovy:512)
at io.restassured.internal.ResponseSpecificationImpl$HamcrestAssertionClosure$validate$1.call(Unknown Source)
at org.codehaus.groovy.runtime.callsite.CallSiteArray.defaultCall(CallSiteArray.java:46)
at org.codehaus.groovy.runtime.callsite.AbstractCallSite.call(AbstractCallSite.java:125)
at org.codehaus.groovy.runtime.callsite.AbstractCallSite.call(AbstractCallSite.java:139)
at io.restassured.internal.ResponseSpecificationImpl.validateResponseIfRequired(ResponseSpecificationImpl.groovy:696)
at io.restassured.internal.ResponseSpecificationImpl.this$2$validateResponseIfRequired(ResponseSpecificationImpl.groovy)
at java.base/jdk.internal.reflect.NativeMethodAccessorImpl.invoke0(Native Method)
at java.base/jdk.internal.reflect.NativeMethodAccessorImpl.invoke(NativeMethodAccessorImpl.java:77)
at java.base/jdk.internal.reflect.DelegatingMethodAccessorImpl.invoke(DelegatingMethodAccessorImpl.java:43)
at java.base/java.lang.reflect.Method.invoke(Method.java:568)
at org.codehaus.groovy.runtime.callsite.PlainObjectMetaMethodSite.doInvoke(PlainObjectMetaMethodSite.java:43)
at org.codehaus.groovy.runtime.callsite.PogoMetaMethodSite$PogoCachedMethodSiteNoUnwrapNoCoerce.invoke(PogoMetaMethodSite.java:198)
at org.codehaus.groovy.runtime.callsite.PogoMetaMethodSite.callCurrent(PogoMetaMethodSite.java:62)
at org.codehaus.groovy.runtime.callsite.CallSiteArray.defaultCallCurrent(CallSiteArray.java:50)
at org.codehaus.groovy.runtime.callsite.AbstractCallSite.callCurrent(AbstractCallSite.java:171)
at org.codehaus.groovy.runtime.callsite.AbstractCallSite.callCurrent(AbstractCallSite.java:185)
at io.restassured.internal.ResponseSpecificationImpl.body(ResponseSpecificationImpl.groovy:107)
at io.restassured.internal.ValidatableResponseOptionsImpl.body(ValidatableResponseOptionsImpl.java:238)
at Tests.GetApi.testGet(GetApi.java:36)
at java.base/jdk.internal.reflect.NativeMethodAccessorImpl.invoke0(Native Method)
at java.base/jdk.internal.reflect.NativeMethodAccessorImpl.invoke(NativeMethodAccessorImpl.java:77)
at java.base/jdk.internal.reflect.DelegatingMethodAccessorImpl.invoke(DelegatingMethodAccessorImpl.java:43)
at java.base/java.lang.reflect.Method.invoke(Method.java:568)
at org.testng.internal.invokers.MethodInvocationHelper.invokeMethod(MethodInvocationHelper.java:139)
at org.testng.internal.invokers.TestInvoker.invokeMethod(TestInvoker.java:677)
at org.testng.internal.invokers.TestInvoker.invokeTestMethod(TestInvoker.java:221)
at org.testng.internal.invokers.MethodRunner.runInSequence(MethodRunner.java:50)
at org.testng.internal.invokers.TestInvoker$MethodInvocationAgent.invoke(TestInvoker.java:962)
at org.testng.internal.invokers.TestInvoker.invokeTestMethods(TestInvoker.java:194)
at org.testng.internal.invokers.TestMethodWorker.invokeTestMethods(TestMethodWorker.java:148)
at org.testng.internal.invokers.TestMethodWorker.run(TestMethodWorker.java:128)
at java.base/java.util.ArrayList.forEach(ArrayList.java:1511)
at org.testng.TestRunner.privateRun(TestRunner.java:806)
at org.testng.TestRunner.run(TestRunner.java:601)
at org.testng.SuiteRunner.runTest(SuiteRunner.java:433)
at org.testng.SuiteRunner.runSequentially(SuiteRunner.java:427)
at org.testng.SuiteRunner.privateRun(SuiteRunner.java:387)
at org.testng.SuiteRunner.run(SuiteRunner.java:330)
at org.testng.SuiteRunnerWorker.runSuite(SuiteRunnerWorker.java:52)
at org.testng.SuiteRunnerWorker.run(SuiteRunnerWorker.java:95)
at org.testng.TestNG.runSuitesSequentially(TestNG.java:1256)
at org.testng.TestNG.runSuitesLocally(TestNG.java:1176)
at org.testng.TestNG.runSuites(TestNG.java:1099)
at org.testng.TestNG.run(TestNG.java:1067)
at org.testng.remote.AbstractRemoteTestNG.run(AbstractRemoteTestNG.java:115)
at org.testng.remote.RemoteTestNG.initAndRun(RemoteTestNG.java:251)
at org.testng.remote.RemoteTestNG.main(RemoteTestNG.java:77)
]]>
    </failure>
  </testcase> <!-- testGet -->
  <system-out/>
</testsuite> <!-- Tests.GetApi -->
