<?xml version="1.0" encoding="UTF-8"?>
<!-- Generated by org.testng.reporters.JUnitReportReporter -->
<testsuite hostname="LT30012" failures="0" tests="3" name="Tests.OverviewGetApi" time="5.904" errors="0" timestamp="2022-09-17T15:59:44 IST" skipped="0">
  <testcase classname="Tests.OverviewGetApi" name="NameMatch" time="3.464"/>
  <system-out/>
  <testcase classname="Tests.OverviewGetApi" name="SessionExpire" time="0.531"/>
  <system-out/>
  <testcase classname="Tests.OverviewGetApi" name="Success" time="1.909"/>
  <system-out/>
</testsuite> <!-- Tests.OverviewGetApi -->
