<?xml version="1.0" encoding="UTF-8"?>
<!-- Generated by org.testng.reporters.JUnitReportReporter -->
<testsuite hostname="LT30012" failures="0" tests="1" name="Tests.OverviewApi$LoginApi" time="2.023" errors="0" timestamp="2022-09-17T14:52:29 IST" skipped="0">
  <testcase classname="Tests.OverviewApi$LoginApi" name="LoginAPISucess" time="2.023"/>
  <system-out/>
</testsuite> <!-- Tests.OverviewApi$LoginApi -->
