<?xml version="1.0" encoding="UTF-8"?>
<!-- Generated by org.testng.reporters.JUnitReportReporter -->
<testsuite hostname="LT30012" failures="0" tests="2" name="Tests.LoginWebsite" time="3.195" errors="0" timestamp="2022-09-17T17:29:51 IST" skipped="0">
  <testcase classname="Tests.LoginWebsite" name="LoginAPIError" time="2.236"/>
  <system-out/>
  <testcase classname="Tests.LoginWebsite" name="LoginAPISucess" time="0.959"/>
  <system-out/>
</testsuite> <!-- Tests.LoginWebsite -->
