<?xml version="1.0" encoding="UTF-8"?>
<!-- Generated by org.testng.reporters.JUnitReportReporter -->
<testsuite hostname="LT30012" failures="0" tests="1" name="Tests.Consent" time="2.056" errors="0" timestamp="2022-09-19T11:10:58 IST" skipped="0">
  <testcase classname="Tests.Consent" name="sampleTest" time="2.056"/>
  <system-out/>
</testsuite> <!-- Tests.Consent -->
